<?xml version="1.0" encoding="UTF-8"?>
<!-- Generated by org.testng.reporters.JUnitXMLReporter -->
<testsuite ignored="16" hostname="DESKTOP-A1U1BTM" failures="0" tests="1" name="Default test" time="12.935" errors="0" timestamp="2022-09-21T16:41:51 GMT+01:00">
  <testcase classname="base.TestCase" name="test" time="0.629"/>
  <testcase classname="base.TestCase" name="empty" time="0.0">
    <ignored/>
  </testcase> <!-- empty -->
  <testcase classname="base.TestCase" name="delNewRole" time="0.0">
    <ignored/>
  </testcase> <!-- delNewRole -->
  <testcase classname="base.TestCase" name="addNewRole" time="0.0">
    <ignored/>
  </testcase> <!-- addNewRole -->
  <testcase classname="base.TestCase" name="wrongLogin" time="0.0">
    <ignored/>
  </testcase> <!-- wrongLogin -->
  <testcase classname="base.TestCase" name="editRoleUser" time="0.0">
    <ignored/>
  </testcase> <!-- editRoleUser -->
  <testcase classname="base.TestCase" name="activerUser" time="0.0">
    <ignored/>
  </testcase> <!-- activerUser -->
  <testcase classname="base.TestCase" name="testUserInterface" time="0.0">
    <ignored/>
  </testcase> <!-- testUserInterface -->
  <testcase classname="base.TestCase" name="addUser" time="0.0">
    <ignored/>
  </testcase> <!-- addUser -->
  <testcase classname="base.TestCase" name="successfullSearch" time="0.0">
    <ignored/>
  </testcase> <!-- successfullSearch -->
  <testcase classname="base.TestCase" name="noSuchElement" time="0.0">
    <ignored/>
  </testcase> <!-- noSuchElement -->
  <testcase classname="base.TestCase" name="missingAddUser" time="0.0">
    <ignored/>
  </testcase> <!-- missingAddUser -->
  <testcase classname="base.TestCase" name="editNewRole" time="0.0">
    <ignored/>
  </testcase> <!-- editNewRole -->
  <testcase classname="base.TestCase" name="delUser" time="0.0">
    <ignored/>
  </testcase> <!-- delUser -->
  <testcase classname="base.TestCase" name="wrongMdp" time="0.0">
    <ignored/>
  </testcase> <!-- wrongMdp -->
  <testcase classname="base.TestCase" name="successfulLogin" time="0.0">
    <ignored/>
  </testcase> <!-- successfulLogin -->
  <testcase classname="base.TestCase" name="desactiverUser" time="0.0">
    <ignored/>
  </testcase> <!-- desactiverUser -->
</testsuite> <!-- Default test -->
