<?xml version="1.0" encoding="UTF-8"?>
<!-- Generated by org.testng.reporters.JUnitXMLReporter -->
<testsuite ignored="2" hostname="DESKTOP-A1U1BTM" failures="0" tests="1" name="b" time="10.28" errors="0" timestamp="2022-09-02T13:34:14 GMT+01:00">
  <testcase classname="base.LoginTest" name="WrongMdp" time="3.685"/>
  <testcase classname="base.LoginTest" name="WrongLogin" time="0.0">
    <ignored/>
  </testcase> <!-- WrongLogin -->
  <testcase classname="base.LoginTest" name="SuccessfulLogin" time="0.0">
    <ignored/>
  </testcase> <!-- SuccessfulLogin -->
</testsuite> <!-- b -->
