<?xml version="1.0" encoding="UTF-8"?>
<testng-results ignored="16" total="17" passed="1" failed="0" skipped="0">
  <reporter-output>
  </reporter-output>
  <suite started-at="2022-09-21T16:41:38 GMT+01:00" name="Default suite" finished-at="2022-09-21T16:41:51 GMT+01:00" duration-ms="12935">
    <groups>
    </groups>
    <test started-at="2022-09-21T16:41:38 GMT+01:00" name="Default test" finished-at="2022-09-21T16:41:51 GMT+01:00" duration-ms="12935">
      <class name="base.TestCase">
        <test-method is-config="true" signature="setUp()[pri:0, instance:base.TestCase@3bb9efbc]" started-at="2022-09-21T16:41:38 GMT+01:00" name="setUp" finished-at="2022-09-21T16:41:48 GMT+01:00" duration-ms="10297" status="PASS">
          <reporter-output>
          </reporter-output>
        </test-method> <!-- setUp -->
        <test-method signature="test()[pri:0, instance:base.TestCase@3bb9efbc]" started-at="2022-09-21T16:41:49 GMT+01:00" name="test" finished-at="2022-09-21T16:41:49 GMT+01:00" duration-ms="629" status="PASS">
          <reporter-output>
          </reporter-output>
        </test-method> <!-- test -->
        <test-method is-config="true" signature="tearDown()[pri:0, instance:base.TestCase@3bb9efbc]" started-at="2022-09-21T16:41:49 GMT+01:00" name="tearDown" finished-at="2022-09-21T16:41:51 GMT+01:00" duration-ms="1600" status="PASS">
          <reporter-output>
          </reporter-output>
        </test-method> <!-- tearDown -->
      </class> <!-- base.TestCase -->
    </test> <!-- Default test -->
  </suite> <!-- Default suite -->
</testng-results>
